<?xml version="1.0" encoding="UTF-8"?>
<testng-results skipped="0" failed="0" ignored="0" total="1" passed="1">
  <reporter-output>
  </reporter-output>
  <suite name="Default suite" duration-ms="6056" started-at="2023-11-02T07:10:21Z" finished-at="2023-11-02T07:10:27Z">
    <groups>
    </groups>
    <test name="Default test" duration-ms="6056" started-at="2023-11-02T07:10:21Z" finished-at="2023-11-02T07:10:27Z">
      <class name="reqresExample.TC_03_verifyUpdateUser">
        <test-method status="PASS" signature="verifyCreateUserTest()[pri:0, instance:reqresExample.TC_03_verifyUpdateUser@5ae9a829]" name="verifyCreateUserTest" duration-ms="6009" started-at="2023-11-02T00:10:21Z" finished-at="2023-11-02T00:10:27Z">
          <reporter-output>
          </reporter-output>
        </test-method> <!-- verifyCreateUserTest -->
      </class> <!-- reqresExample.TC_03_verifyUpdateUser -->
    </test> <!-- Default test -->
  </suite> <!-- Default suite -->
</testng-results>
