<?xml version="1.0" encoding="UTF-8"?>
<testng-results skipped="0" failed="0" ignored="0" total="1" passed="1">
  <reporter-output>
  </reporter-output>
  <suite name="Suite" duration-ms="31756" started-at="2023-10-20T04:50:25Z" finished-at="2023-10-20T04:50:57Z">
    <groups>
    </groups>
    <test name="Test" duration-ms="31756" started-at="2023-10-20T04:50:25Z" finished-at="2023-10-20T04:50:57Z">
      <class name="tests.LoginTestHRM">
        <test-method status="PASS" signature="launchapp()[pri:0, instance:tests.LoginTestHRM@396a51ab]" name="launchapp" is-config="true" duration-ms="10260" started-at="2023-10-19T21:50:25Z" finished-at="2023-10-19T21:50:36Z">
          <reporter-output>
          </reporter-output>
        </test-method> <!-- launchapp -->
        <test-method status="PASS" signature="verifyLoginfeature()[pri:0, instance:tests.LoginTestHRM@396a51ab]" name="verifyLoginfeature" duration-ms="14357" started-at="2023-10-19T21:50:36Z" finished-at="2023-10-19T21:50:50Z">
          <reporter-output>
          </reporter-output>
        </test-method> <!-- verifyLoginfeature -->
        <test-method status="PASS" signature="closeApp()[pri:0, instance:tests.LoginTestHRM@396a51ab]" name="closeApp" is-config="true" duration-ms="7117" started-at="2023-10-19T21:50:50Z" finished-at="2023-10-19T21:50:57Z">
          <reporter-output>
          </reporter-output>
        </test-method> <!-- closeApp -->
      </class> <!-- tests.LoginTestHRM -->
    </test> <!-- Test -->
  </suite> <!-- Suite -->
</testng-results>
