<?xml version="1.0" encoding="UTF-8"?>
<testng-results skipped="0" failed="0" ignored="0" total="1" passed="1">
  <reporter-output>
  </reporter-output>
  <suite name="Suite" duration-ms="30556" started-at="2023-10-20T04:17:59Z" finished-at="2023-10-20T04:18:30Z">
    <groups>
    </groups>
    <test name="Test" duration-ms="30556" started-at="2023-10-20T04:17:59Z" finished-at="2023-10-20T04:18:30Z">
      <class name="tests.LoginTestHRM">
        <test-method status="PASS" signature="launchapp()[pri:0, instance:tests.LoginTestHRM@4bec1f0c]" name="launchapp" is-config="true" duration-ms="9283" started-at="2023-10-19T21:17:59Z" finished-at="2023-10-19T21:18:09Z">
          <reporter-output>
          </reporter-output>
        </test-method> <!-- launchapp -->
        <test-method status="PASS" signature="verifyLoginfeature()[pri:0, instance:tests.LoginTestHRM@4bec1f0c]" name="verifyLoginfeature" duration-ms="14215" started-at="2023-10-19T21:18:09Z" finished-at="2023-10-19T21:18:23Z">
          <reporter-output>
          </reporter-output>
        </test-method> <!-- verifyLoginfeature -->
        <test-method status="PASS" signature="closeApp()[pri:0, instance:tests.LoginTestHRM@4bec1f0c]" name="closeApp" is-config="true" duration-ms="7035" started-at="2023-10-19T21:18:23Z" finished-at="2023-10-19T21:18:30Z">
          <reporter-output>
          </reporter-output>
        </test-method> <!-- closeApp -->
      </class> <!-- tests.LoginTestHRM -->
    </test> <!-- Test -->
  </suite> <!-- Suite -->
</testng-results>
