<?xml version="1.0" encoding="UTF-8"?>
<testng-results skipped="0" failed="0" ignored="0" total="1" passed="1">
  <reporter-output>
  </reporter-output>
  <suite name="Default suite" duration-ms="20270" started-at="2023-10-18T05:14:01Z" finished-at="2023-10-18T05:14:22Z">
    <groups>
      <group name="cucumber">
        <method signature="AbstractTestNGCucumberTests.runScenario(io.cucumber.testng.PickleWrapper, io.cucumber.testng.FeatureWrapper)[pri:0, instance:testRun.TestRunner2@4fe3c938]" name="runScenario" class="io.cucumber.testng.AbstractTestNGCucumberTests"/>
      </group> <!-- cucumber -->
    </groups>
    <test name="Default test" duration-ms="20270" started-at="2023-10-18T05:14:01Z" finished-at="2023-10-18T05:14:22Z">
      <class name="testRun.TestRunner2">
        <test-method status="PASS" signature="setUpClass()[pri:0, instance:testRun.TestRunner2@4fe3c938]" name="setUpClass" is-config="true" duration-ms="704" started-at="2023-10-17T22:14:01Z" finished-at="2023-10-17T22:14:02Z">
          <reporter-output>
          </reporter-output>
        </test-method> <!-- setUpClass -->
        <test-method status="PASS" signature="runScenario(io.cucumber.testng.PickleWrapper, io.cucumber.testng.FeatureWrapper)[pri:0, instance:testRun.TestRunner2@4fe3c938]" name="runScenario" duration-ms="19473" started-at="2023-10-17T22:14:02Z" description="Runs Cucumber Scenarios" data-provider="scenarios" finished-at="2023-10-17T22:14:22Z">
          <params>
            <param index="0">
              <value>
                <![CDATA["Successful Login with Valid Credentials"]]>
              </value>
            </param>
            <param index="1">
              <value>
                <![CDATA["Optional[Login]"]]>
              </value>
            </param>
          </params>
          <reporter-output>
          </reporter-output>
        </test-method> <!-- runScenario -->
        <test-method status="PASS" signature="tearDownClass()[pri:0, instance:testRun.TestRunner2@4fe3c938]" name="tearDownClass" is-config="true" duration-ms="78" started-at="2023-10-17T22:14:22Z" finished-at="2023-10-17T22:14:22Z">
          <reporter-output>
          </reporter-output>
        </test-method> <!-- tearDownClass -->
      </class> <!-- testRun.TestRunner2 -->
    </test> <!-- Default test -->
  </suite> <!-- Default suite -->
</testng-results>
