<?xml version="1.0" encoding="UTF-8"?>
<testng-results skipped="0" failed="0" ignored="0" total="1" passed="1">
  <reporter-output>
  </reporter-output>
  <suite name="Suite" duration-ms="2421" started-at="2023-11-02T03:50:01Z" finished-at="2023-11-02T03:50:03Z">
    <groups>
    </groups>
    <test name="Test" duration-ms="2421" started-at="2023-11-02T03:50:01Z" finished-at="2023-11-02T03:50:03Z">
      <class name="reqresExample.TC_01_VerifyListUser2">
        <test-method status="PASS" signature="VerifyListUserTest()[pri:0, instance:reqresExample.TC_01_VerifyListUser2@880ec60]" name="VerifyListUserTest" duration-ms="2390" started-at="2023-11-01T20:50:01Z" finished-at="2023-11-01T20:50:03Z">
          <reporter-output>
          </reporter-output>
        </test-method> <!-- VerifyListUserTest -->
      </class> <!-- reqresExample.TC_01_VerifyListUser2 -->
    </test> <!-- Test -->
  </suite> <!-- Suite -->
</testng-results>
