<?xml version="1.0" encoding="UTF-8"?>
<!-- Generated by org.testng.reporters.JUnitXMLReporter -->
<testsuite hostname="DESKTOP-QNHJ5Q7" ignored="0" name="FireFoxTest" tests="3" failures="0" timestamp="11 Oct 2023 04:49:26 GMT" time="30.542" errors="0">
  <testcase name="verifySearchFeaturewithInvalid" time="3.836" classname="ddtExample.NOPCommTest_dttExample"/>
  <testcase name="verifySearchFeaturewithInvalid" time="3.6" classname="ddtExample.NOPCommTest_dttExample"/>
  <testcase name="verifySearchFeaturewithInvalid" time="3.686" classname="ddtExample.NOPCommTest_dttExample"/>
</testsuite> <!-- FireFoxTest -->
