<?xml version="1.0" encoding="UTF-8"?>
<!-- Generated by org.testng.reporters.JUnitXMLReporter -->
<testsuite hostname="DESKTOP-QNHJ5Q7" ignored="0" name="EdgeTest" tests="3" failures="0" timestamp="11 Oct 2023 04:54:13 GMT" time="25.996" errors="0">
  <testcase name="verifySearchFeaturewithInvalid" time="4.451" classname="ddtExample.NOPCommTest_dttExample"/>
  <testcase name="verifySearchFeaturewithInvalid" time="3.755" classname="ddtExample.NOPCommTest_dttExample"/>
  <testcase name="verifySearchFeaturewithInvalid" time="3.71" classname="ddtExample.NOPCommTest_dttExample"/>
</testsuite> <!-- EdgeTest -->
